True
cuda:0
cuda
epoch: 0
Discriminator Loss : 0.011980950832366943
Generator Loss : 12.505829811096191
==========================================
epoch: 1
Discriminator Loss : 0.17792093753814697
Generator Loss : 10.39466381072998
==========================================
epoch: 2
Discriminator Loss : 0.007579609751701355
Generator Loss : 10.73789119720459
==========================================
epoch: 3
Discriminator Loss : 0.4592874348163605
Generator Loss : 10.888866424560547
==========================================
epoch: 4
Discriminator Loss : 0.012543906457722187
Generator Loss : 17.854951858520508
==========================================
epoch: 5
Discriminator Loss : 0.037362828850746155
Generator Loss : 8.906375885009766
==========================================
epoch: 6
Discriminator Loss : 0.020921234041452408
Generator Loss : 13.382856369018555
==========================================
epoch: 7
Discriminator Loss : 0.029823217540979385
Generator Loss : 7.382138252258301
==========================================
epoch: 8
Discriminator Loss : 0.20210598409175873
Generator Loss : 8.649940490722656
==========================================
epoch: 9
Discriminator Loss : 0.15215639770030975
Generator Loss : 16.439407348632812
==========================================
epoch: 10
Discriminator Loss : 0.08591760694980621
Generator Loss : 4.815909385681152
==========================================
epoch: 11
Discriminator Loss : 0.1098225861787796
Generator Loss : 7.246513366699219
==========================================
epoch: 12
Discriminator Loss : 0.11240051686763763
Generator Loss : 5.214154243469238
==========================================
epoch: 13
Discriminator Loss : 0.6163576245307922
Generator Loss : 11.730682373046875
==========================================
epoch: 14
Discriminator Loss : 0.3123588562011719
Generator Loss : 5.207858085632324
==========================================
epoch: 15
Discriminator Loss : 0.15375417470932007
Generator Loss : 6.327599048614502
==========================================
epoch: 16
Discriminator Loss : 0.11308111250400543
Generator Loss : 4.517562389373779
==========================================
epoch: 17
Discriminator Loss : 0.17437686026096344
Generator Loss : 6.877249240875244
==========================================
epoch: 18
Discriminator Loss : 0.897140383720398
Generator Loss : 3.2534422874450684
==========================================
epoch: 19
Discriminator Loss : 0.09510580450296402
Generator Loss : 6.033968925476074
==========================================
epoch: 20
Discriminator Loss : 0.35884252190589905
Generator Loss : 3.999300718307495
==========================================
epoch: 21
Discriminator Loss : 0.15366466343402863
Generator Loss : 4.138858795166016
==========================================
epoch: 22
Discriminator Loss : 0.09803295880556107
Generator Loss : 5.208834648132324
==========================================
epoch: 23
Discriminator Loss : 0.15200088918209076
Generator Loss : 5.820688247680664
==========================================
epoch: 24
Discriminator Loss : 0.096722811460495
Generator Loss : 4.264325141906738
==========================================
epoch: 25
Discriminator Loss : 0.05435572564601898
Generator Loss : 9.816302299499512
==========================================
epoch: 26
Discriminator Loss : 0.2260744571685791
Generator Loss : 6.706140041351318
==========================================
epoch: 27
Discriminator Loss : 0.0016214740462601185
Generator Loss : 7.3155436515808105
==========================================
epoch: 28
Discriminator Loss : 0.009080000221729279
Generator Loss : 9.03836441040039
==========================================
epoch: 29
Discriminator Loss : 0.014292820356786251
Generator Loss : 10.99952507019043
==========================================
