True
cuda:0
cuda
epoch: 0
Discriminator Loss : 0.008400286547839642
Generator Loss : 12.528685569763184
==========================================
epoch: 1
Discriminator Loss : 7.114453183021396e-05
Generator Loss : 35.67457580566406
==========================================
epoch: 2
Discriminator Loss : 2.3025626433081925e-05
Generator Loss : 35.50493621826172
==========================================
epoch: 3
Discriminator Loss : 4.413279384607449e-06
Generator Loss : 35.30323791503906
==========================================
epoch: 4
Discriminator Loss : 7.095153705449775e-06
Generator Loss : 34.962642669677734
==========================================
epoch: 5
Discriminator Loss : 4.1004304875968955e-06
Generator Loss : 34.02588653564453
==========================================
epoch: 6
Discriminator Loss : 0.002358562545850873
Generator Loss : 9.786588668823242
==========================================
epoch: 7
Discriminator Loss : 0.003053019056096673
Generator Loss : 7.045466423034668
==========================================
epoch: 8
Discriminator Loss : 9.667171525507001e-07
Generator Loss : 15.653694152832031
==========================================
epoch: 9
Discriminator Loss : 0.00010994236799888313
Generator Loss : 9.315796852111816
==========================================
epoch: 10
Discriminator Loss : 0.002043265150859952
Generator Loss : 10.926506042480469
==========================================
epoch: 11
Discriminator Loss : 0.004533738829195499
Generator Loss : 7.490381240844727
==========================================
epoch: 12
Discriminator Loss : 0.14604297280311584
Generator Loss : 4.631284713745117
==========================================
epoch: 13
Discriminator Loss : 0.06818991899490356
Generator Loss : 6.374448299407959
==========================================
epoch: 14
Discriminator Loss : 0.17533175647258759
Generator Loss : 3.853330373764038
==========================================
epoch: 15
Discriminator Loss : 0.13514502346515656
Generator Loss : 2.217336416244507
==========================================
epoch: 16
Discriminator Loss : 0.13504615426063538
Generator Loss : 4.649827003479004
==========================================
epoch: 17
Discriminator Loss : 0.27820998430252075
Generator Loss : 2.530001640319824
==========================================
epoch: 18
Discriminator Loss : 0.12808923423290253
Generator Loss : 5.1358442306518555
==========================================
epoch: 19
Discriminator Loss : 0.03113628923892975
Generator Loss : 5.729118347167969
==========================================
